<?xml version="1.0" encoding="UTF-8"?>
<testsuite name="org.recap.BaseTestCase" tests="1" skipped="0" failures="0" errors="0" timestamp="2019-05-29T18:07:12" hostname="Aarons-MacBook-Air.local" time="0.453">
  <properties/>
  <testcase name="contextLoads" classname="org.recap.BaseTestCase" time="0.453"/>
  <system-out><![CDATA[14:06:56.866 [Test worker] DEBUG org.springframework.test.context.junit4.SpringJUnit4ClassRunner - SpringJUnit4ClassRunner constructor called with [class org.recap.BaseTestCase]
14:06:56.900 [Test worker] DEBUG org.springframework.test.context.BootstrapUtils - Instantiating CacheAwareContextLoaderDelegate from class [org.springframework.test.context.cache.DefaultCacheAwareContextLoaderDelegate]
14:06:56.946 [Test worker] DEBUG org.springframework.test.context.BootstrapUtils - Instantiating BootstrapContext using constructor [public org.springframework.test.context.support.DefaultBootstrapContext(java.lang.Class,org.springframework.test.context.CacheAwareContextLoaderDelegate)]
14:06:57.040 [Test worker] DEBUG org.springframework.test.context.BootstrapUtils - Instantiating TestContextBootstrapper for test class [org.recap.BaseTestCase] from class [org.springframework.boot.test.context.SpringBootTestContextBootstrapper]
14:06:57.082 [Test worker] INFO org.springframework.boot.test.context.SpringBootTestContextBootstrapper - Neither @ContextConfiguration nor @ContextHierarchy found for test class [org.recap.BaseTestCase], using SpringBootContextLoader
14:06:57.094 [Test worker] DEBUG org.springframework.test.context.support.AbstractContextLoader - Did not detect default resource location for test class [org.recap.BaseTestCase]: class path resource [org/recap/BaseTestCase-context.xml] does not exist
14:06:57.095 [Test worker] DEBUG org.springframework.test.context.support.AbstractContextLoader - Did not detect default resource location for test class [org.recap.BaseTestCase]: class path resource [org/recap/BaseTestCaseContext.groovy] does not exist
14:06:57.095 [Test worker] INFO org.springframework.test.context.support.AbstractContextLoader - Could not detect default resource locations for test class [org.recap.BaseTestCase]: no resource found for suffixes {-context.xml, Context.groovy}.
14:06:57.099 [Test worker] INFO org.springframework.test.context.support.AnnotationConfigContextLoaderUtils - Could not detect default configuration classes for test class [org.recap.BaseTestCase]: BaseTestCase does not declare any static, non-private, non-final, nested classes annotated with @Configuration.
14:06:57.916 [Test worker] DEBUG org.springframework.context.annotation.ClassPathScanningCandidateComponentProvider - Identified candidate component class: file [/Users/ajl/sartography-git-local/recap-scsb/recap-scsb-common/build/classes/java/main/org/recap/Main.class]
14:06:57.932 [Test worker] INFO org.springframework.boot.test.context.SpringBootTestContextBootstrapper - Found @SpringBootConfiguration org.recap.Main for test class org.recap.BaseTestCase
14:06:58.537 [Test worker] DEBUG org.springframework.boot.test.context.SpringBootTestContextBootstrapper - @TestExecutionListeners is not present for class [org.recap.BaseTestCase]: using defaults.
14:06:58.544 [Test worker] INFO org.springframework.boot.test.context.SpringBootTestContextBootstrapper - Loaded default TestExecutionListener class names from location [META-INF/spring.factories]: [org.springframework.boot.test.autoconfigure.restdocs.RestDocsTestExecutionListener, org.springframework.boot.test.autoconfigure.web.client.MockRestServiceServerResetTestExecutionListener, org.springframework.boot.test.autoconfigure.web.servlet.MockMvcPrintOnlyOnFailureTestExecutionListener, org.springframework.boot.test.autoconfigure.web.servlet.WebDriverTestExecutionListener, org.springframework.boot.test.mock.mockito.MockitoTestExecutionListener, org.springframework.boot.test.mock.mockito.ResetMocksTestExecutionListener, org.springframework.test.context.web.ServletTestExecutionListener, org.springframework.test.context.support.DirtiesContextBeforeModesTestExecutionListener, org.springframework.test.context.support.DependencyInjectionTestExecutionListener, org.springframework.test.context.support.DirtiesContextTestExecutionListener, org.springframework.test.context.transaction.TransactionalTestExecutionListener, org.springframework.test.context.jdbc.SqlScriptsTestExecutionListener]
14:06:58.645 [Test worker] INFO org.springframework.boot.test.context.SpringBootTestContextBootstrapper - Using TestExecutionListeners: [org.springframework.test.context.web.ServletTestExecutionListener@ad4ad91, org.springframework.test.context.support.DirtiesContextBeforeModesTestExecutionListener@198ba643, org.springframework.boot.test.mock.mockito.MockitoTestExecutionListener@4d647a86, org.springframework.boot.test.autoconfigure.SpringBootDependencyInjectionTestExecutionListener@2c63d832, org.springframework.test.context.support.DirtiesContextTestExecutionListener@3f4400a, org.springframework.test.context.transaction.TransactionalTestExecutionListener@47894789, org.springframework.test.context.jdbc.SqlScriptsTestExecutionListener@29d7a5b4, org.springframework.boot.test.autoconfigure.restdocs.RestDocsTestExecutionListener@1b474af4, org.springframework.boot.test.autoconfigure.web.client.MockRestServiceServerResetTestExecutionListener@3a12ad86, org.springframework.boot.test.autoconfigure.web.servlet.MockMvcPrintOnlyOnFailureTestExecutionListener@372a0042, org.springframework.boot.test.autoconfigure.web.servlet.WebDriverTestExecutionListener@2344f916, org.springframework.boot.test.mock.mockito.ResetMocksTestExecutionListener@2751760]
14:06:58.656 [Test worker] DEBUG org.springframework.test.annotation.ProfileValueUtils - Retrieved @ProfileValueSourceConfiguration [null] for test class [org.recap.BaseTestCase]
14:06:58.658 [Test worker] DEBUG org.springframework.test.annotation.ProfileValueUtils - Retrieved ProfileValueSource type [class org.springframework.test.annotation.SystemProfileValueSource] for class [org.recap.BaseTestCase]
14:06:58.660 [Test worker] DEBUG org.springframework.test.annotation.ProfileValueUtils - Retrieved @ProfileValueSourceConfiguration [null] for test class [org.recap.BaseTestCase]
14:06:58.661 [Test worker] DEBUG org.springframework.test.annotation.ProfileValueUtils - Retrieved ProfileValueSource type [class org.springframework.test.annotation.SystemProfileValueSource] for class [org.recap.BaseTestCase]
14:06:58.679 [Test worker] DEBUG org.springframework.test.context.support.AbstractDirtiesContextTestExecutionListener - Before test class: context [DefaultTestContext@6a64028f testClass = BaseTestCase, testInstance = [null], testMethod = [null], testException = [null], mergedContextConfiguration = [WebMergedContextConfiguration@5b475a26 testClass = BaseTestCase, locations = '{}', classes = '{class org.recap.Main}', contextInitializerClasses = '[]', activeProfiles = '{test}', propertySourceLocations = '{}', propertySourceProperties = '{org.springframework.boot.test.context.SpringBootTestContextBootstrapper=true}', contextCustomizers = set[org.springframework.boot.test.autoconfigure.properties.PropertyMappingContextCustomizer@0, org.springframework.boot.test.autoconfigure.web.servlet.WebDriverContextCustomizerFactory$Customizer@3c0a4f68, org.springframework.boot.test.context.filter.ExcludeFilterContextCustomizer@45b281dd, org.springframework.boot.test.json.DuplicateJsonObjectContextCustomizerFactory$DuplicateJsonObjectContextCustomizer@4e4fec32, org.springframework.boot.test.mock.mockito.MockitoContextCustomizer@0, org.springframework.boot.test.web.client.TestRestTemplateContextCustomizer@774a902d], resourceBasePath = 'src/main/webapp', contextLoader = 'org.springframework.boot.test.context.SpringBootContextLoader', parent = [null]], attributes = map['org.springframework.test.context.web.ServletTestExecutionListener.activateListener' -> true]], class annotated with @DirtiesContext [false] with mode [null].
14:06:58.682 [Test worker] DEBUG org.springframework.test.annotation.ProfileValueUtils - Retrieved @ProfileValueSourceConfiguration [null] for test class [org.recap.BaseTestCase]
14:06:58.683 [Test worker] DEBUG org.springframework.test.annotation.ProfileValueUtils - Retrieved ProfileValueSource type [class org.springframework.test.annotation.SystemProfileValueSource] for class [org.recap.BaseTestCase]
14:06:58.802 [Test worker] DEBUG org.springframework.test.context.support.TestPropertySourceUtils - Adding inlined properties to environment: {spring.jmx.enabled=false, org.springframework.boot.test.context.SpringBootTestContextBootstrapper=true, server.port=-1}

  .   ____          _            __ _ _
 /\\ / ___'_ __ _ _(_)_ __  __ _ \ \ \ \
( ( )\___ | '_ | '_| | '_ \/ _` | \ \ \ \
 \\/  ___)| |_)| | | | | || (_| |  ) ) ) )
  '  |____| .__|_| |_|_| |_\__, | / / / /
 =========|_|==============|___/=/_/_/_/
 :: Spring Boot ::        (v2.1.4.RELEASE)

2019-05-29 14:07:00.643  INFO 12145 --- [    Test worker] org.recap.BaseTestCase                   : Starting BaseTestCase on Aarons-MacBook-Air.local with PID 12145 (started by ajl in /Users/ajl/sartography-git-local/recap-scsb/recap-scsb-common)
2019-05-29 14:07:00.645  INFO 12145 --- [    Test worker] org.recap.BaseTestCase                   : The following profiles are active: test
2019-05-29 14:07:05.809  INFO 12145 --- [    Test worker] trationDelegate$BeanPostProcessorChecker : Bean 'org.apache.camel.spring.boot.CamelAutoConfiguration' of type [org.apache.camel.spring.boot.CamelAutoConfiguration$$EnhancerBySpringCGLIB$$3dfd39db] is not eligible for getting processed by all BeanPostProcessors (for example: not eligible for auto-proxying)
2019-05-29 14:07:08.381  INFO 12145 --- [    Test worker] o.s.s.concurrent.ThreadPoolTaskExecutor  : Initializing ExecutorService 'applicationTaskExecutor'
2019-05-29 14:07:09.815  INFO 12145 --- [    Test worker] o.a.c.i.converter.DefaultTypeConverter   : Type converters loaded (core: 195, classpath: 4)
2019-05-29 14:07:11.870  INFO 12145 --- [    Test worker] o.a.camel.spring.boot.RoutesCollector    : Loading additional Camel XML routes from: classpath:camel/*.xml
2019-05-29 14:07:11.871  INFO 12145 --- [    Test worker] o.a.camel.spring.boot.RoutesCollector    : Loading additional Camel XML rests from: classpath:camel-rest/*.xml
2019-05-29 14:07:11.887  INFO 12145 --- [    Test worker] o.a.camel.spring.SpringCamelContext      : Apache Camel 2.24.0 (CamelContext: camel-1) is starting
2019-05-29 14:07:11.894  INFO 12145 --- [    Test worker] o.a.c.m.ManagedManagementStrategy        : JMX is enabled
2019-05-29 14:07:12.471  INFO 12145 --- [    Test worker] o.a.camel.spring.SpringCamelContext      : StreamCaching is not in use. If using streams then its recommended to enable stream caching. See more details at http://camel.apache.org/stream-caching.html
2019-05-29 14:07:12.481  INFO 12145 --- [    Test worker] o.a.camel.spring.SpringCamelContext      : Total 0 routes, of which 0 are started
2019-05-29 14:07:12.485  INFO 12145 --- [    Test worker] o.a.camel.spring.SpringCamelContext      : Apache Camel 2.24.0 (CamelContext: camel-1) started in 0.595 seconds
2019-05-29 14:07:12.500  INFO 12145 --- [    Test worker] org.recap.BaseTestCase                   : Started BaseTestCase in 13.637 seconds (JVM running for 19.194)
]]></system-out>
  <system-err><![CDATA[]]></system-err>
</testsuite>
