<?xml version="1.0" encoding="UTF-8"?>
<testsuite name="org.recap.common.spring.PropertyValueProviderUT" tests="2" skipped="0" failures="0" errors="0" timestamp="2019-05-29T18:07:13" hostname="Aarons-MacBook-Air.local" time="0.053">
  <properties/>
  <testcase name="testGetProperty" classname="org.recap.common.spring.PropertyValueProviderUT" time="0.034"/>
  <testcase name="contextLoads" classname="org.recap.common.spring.PropertyValueProviderUT" time="0.007"/>
  <system-out><![CDATA[2019-05-29 14:07:13.047  INFO 12145 --- [    Test worker] .b.t.c.SpringBootTestContextBootstrapper : Neither @ContextConfiguration nor @ContextHierarchy found for test class [org.recap.common.spring.PropertyValueProviderUT], using SpringBootContextLoader
2019-05-29 14:07:13.048  INFO 12145 --- [    Test worker] o.s.t.c.support.AbstractContextLoader    : Could not detect default resource locations for test class [org.recap.common.spring.PropertyValueProviderUT]: no resource found for suffixes {-context.xml, Context.groovy}.
2019-05-29 14:07:13.049  INFO 12145 --- [    Test worker] t.c.s.AnnotationConfigContextLoaderUtils : Could not detect default configuration classes for test class [org.recap.common.spring.PropertyValueProviderUT]: PropertyValueProviderUT does not declare any static, non-private, non-final, nested classes annotated with @Configuration.
2019-05-29 14:07:13.138  INFO 12145 --- [    Test worker] .b.t.c.SpringBootTestContextBootstrapper : Found @SpringBootConfiguration org.recap.Main for test class org.recap.common.spring.PropertyValueProviderUT
2019-05-29 14:07:13.141  INFO 12145 --- [    Test worker] .b.t.c.SpringBootTestContextBootstrapper : Loaded default TestExecutionListener class names from location [META-INF/spring.factories]: [org.springframework.boot.test.autoconfigure.restdocs.RestDocsTestExecutionListener, org.springframework.boot.test.autoconfigure.web.client.MockRestServiceServerResetTestExecutionListener, org.springframework.boot.test.autoconfigure.web.servlet.MockMvcPrintOnlyOnFailureTestExecutionListener, org.springframework.boot.test.autoconfigure.web.servlet.WebDriverTestExecutionListener, org.springframework.boot.test.mock.mockito.MockitoTestExecutionListener, org.springframework.boot.test.mock.mockito.ResetMocksTestExecutionListener, org.springframework.test.context.web.ServletTestExecutionListener, org.springframework.test.context.support.DirtiesContextBeforeModesTestExecutionListener, org.springframework.test.context.support.DependencyInjectionTestExecutionListener, org.springframework.test.context.support.DirtiesContextTestExecutionListener, org.springframework.test.context.transaction.TransactionalTestExecutionListener, org.springframework.test.context.jdbc.SqlScriptsTestExecutionListener]
2019-05-29 14:07:13.144  INFO 12145 --- [    Test worker] .b.t.c.SpringBootTestContextBootstrapper : Using TestExecutionListeners: [org.springframework.test.context.web.ServletTestExecutionListener@452b391a, org.springframework.test.context.support.DirtiesContextBeforeModesTestExecutionListener@5965cb46, org.springframework.boot.test.mock.mockito.MockitoTestExecutionListener@736aaf1a, org.springframework.boot.test.autoconfigure.SpringBootDependencyInjectionTestExecutionListener@44243469, org.springframework.test.context.support.DirtiesContextTestExecutionListener@585b361e, org.springframework.test.context.transaction.TransactionalTestExecutionListener@2f13e9a8, org.springframework.test.context.jdbc.SqlScriptsTestExecutionListener@927912f, org.springframework.boot.test.autoconfigure.restdocs.RestDocsTestExecutionListener@6cc57b1e, org.springframework.boot.test.autoconfigure.web.client.MockRestServiceServerResetTestExecutionListener@6d2f4b5e, org.springframework.boot.test.autoconfigure.web.servlet.MockMvcPrintOnlyOnFailureTestExecutionListener@5d41a1fa, org.springframework.boot.test.autoconfigure.web.servlet.WebDriverTestExecutionListener@685afd94, org.springframework.boot.test.mock.mockito.ResetMocksTestExecutionListener@2f80660a]
]]></system-out>
  <system-err><![CDATA[]]></system-err>
</testsuite>
