<?xml version="1.0" encoding="UTF-8"?>
<testsuite name="org.recap.BaseTestCase" tests="1" skipped="0" failures="0" errors="0" timestamp="2019-05-29T16:04:46" hostname="Aarons-MacBook-Air.local" time="0.346">
  <properties/>
  <testcase name="contextLoads" classname="org.recap.BaseTestCase" time="0.346"/>
  <system-out><![CDATA[12:04:36.001 [Test worker] DEBUG org.springframework.test.context.junit4.SpringJUnit4ClassRunner - SpringJUnit4ClassRunner constructor called with [class org.recap.BaseTestCase]
12:04:36.044 [Test worker] DEBUG org.springframework.test.context.BootstrapUtils - Instantiating CacheAwareContextLoaderDelegate from class [org.springframework.test.context.cache.DefaultCacheAwareContextLoaderDelegate]
12:04:36.080 [Test worker] DEBUG org.springframework.test.context.BootstrapUtils - Instantiating BootstrapContext using constructor [public org.springframework.test.context.support.DefaultBootstrapContext(java.lang.Class,org.springframework.test.context.CacheAwareContextLoaderDelegate)]
12:04:36.155 [Test worker] DEBUG org.springframework.test.context.BootstrapUtils - Instantiating TestContextBootstrapper for test class [org.recap.BaseTestCase] from class [org.springframework.boot.test.context.SpringBootTestContextBootstrapper]
12:04:36.195 [Test worker] INFO org.springframework.boot.test.context.SpringBootTestContextBootstrapper - Neither @ContextConfiguration nor @ContextHierarchy found for test class [org.recap.BaseTestCase], using SpringBootContextLoader
12:04:36.207 [Test worker] DEBUG org.springframework.test.context.support.AbstractContextLoader - Did not detect default resource location for test class [org.recap.BaseTestCase]: class path resource [org/recap/BaseTestCase-context.xml] does not exist
12:04:36.208 [Test worker] DEBUG org.springframework.test.context.support.AbstractContextLoader - Did not detect default resource location for test class [org.recap.BaseTestCase]: class path resource [org/recap/BaseTestCaseContext.groovy] does not exist
12:04:36.209 [Test worker] INFO org.springframework.test.context.support.AbstractContextLoader - Could not detect default resource locations for test class [org.recap.BaseTestCase]: no resource found for suffixes {-context.xml, Context.groovy}.
12:04:36.211 [Test worker] INFO org.springframework.test.context.support.AnnotationConfigContextLoaderUtils - Could not detect default configuration classes for test class [org.recap.BaseTestCase]: BaseTestCase does not declare any static, non-private, non-final, nested classes annotated with @Configuration.
12:04:36.605 [Test worker] DEBUG org.springframework.context.annotation.ClassPathScanningCandidateComponentProvider - Identified candidate component class: file [/Users/ajl/sartography-git-local/recap-scsb/recap-scsb-common/build/classes/java/main/org/recap/Main.class]
12:04:36.613 [Test worker] INFO org.springframework.boot.test.context.SpringBootTestContextBootstrapper - Found @SpringBootConfiguration org.recap.Main for test class org.recap.BaseTestCase
12:04:36.997 [Test worker] DEBUG org.springframework.boot.test.context.SpringBootTestContextBootstrapper - @TestExecutionListeners is not present for class [org.recap.BaseTestCase]: using defaults.
12:04:36.999 [Test worker] INFO org.springframework.boot.test.context.SpringBootTestContextBootstrapper - Loaded default TestExecutionListener class names from location [META-INF/spring.factories]: [org.springframework.boot.test.autoconfigure.restdocs.RestDocsTestExecutionListener, org.springframework.boot.test.autoconfigure.web.client.MockRestServiceServerResetTestExecutionListener, org.springframework.boot.test.autoconfigure.web.servlet.MockMvcPrintOnlyOnFailureTestExecutionListener, org.springframework.boot.test.autoconfigure.web.servlet.WebDriverTestExecutionListener, org.springframework.boot.test.mock.mockito.MockitoTestExecutionListener, org.springframework.boot.test.mock.mockito.ResetMocksTestExecutionListener, org.springframework.test.context.web.ServletTestExecutionListener, org.springframework.test.context.support.DirtiesContextBeforeModesTestExecutionListener, org.springframework.test.context.support.DependencyInjectionTestExecutionListener, org.springframework.test.context.support.DirtiesContextTestExecutionListener, org.springframework.test.context.transaction.TransactionalTestExecutionListener, org.springframework.test.context.jdbc.SqlScriptsTestExecutionListener]
12:04:37.086 [Test worker] INFO org.springframework.boot.test.context.SpringBootTestContextBootstrapper - Using TestExecutionListeners: [org.springframework.test.context.web.ServletTestExecutionListener@479f7623, org.springframework.test.context.support.DirtiesContextBeforeModesTestExecutionListener@52990957, org.springframework.boot.test.mock.mockito.MockitoTestExecutionListener@5b0b9dc7, org.springframework.boot.test.autoconfigure.SpringBootDependencyInjectionTestExecutionListener@48394f56, org.springframework.test.context.support.DirtiesContextTestExecutionListener@74ab161c, org.springframework.test.context.transaction.TransactionalTestExecutionListener@6e627a6f, org.springframework.test.context.jdbc.SqlScriptsTestExecutionListener@698037c1, org.springframework.boot.test.autoconfigure.restdocs.RestDocsTestExecutionListener@6bc18658, org.springframework.boot.test.autoconfigure.web.client.MockRestServiceServerResetTestExecutionListener@47f666ca, org.springframework.boot.test.autoconfigure.web.servlet.MockMvcPrintOnlyOnFailureTestExecutionListener@3a3add59, org.springframework.boot.test.autoconfigure.web.servlet.WebDriverTestExecutionListener@526cdbe0, org.springframework.boot.test.mock.mockito.ResetMocksTestExecutionListener@35f864b3]
12:04:37.094 [Test worker] DEBUG org.springframework.test.annotation.ProfileValueUtils - Retrieved @ProfileValueSourceConfiguration [null] for test class [org.recap.BaseTestCase]
12:04:37.096 [Test worker] DEBUG org.springframework.test.annotation.ProfileValueUtils - Retrieved ProfileValueSource type [class org.springframework.test.annotation.SystemProfileValueSource] for class [org.recap.BaseTestCase]
12:04:37.099 [Test worker] DEBUG org.springframework.test.annotation.ProfileValueUtils - Retrieved @ProfileValueSourceConfiguration [null] for test class [org.recap.BaseTestCase]
12:04:37.099 [Test worker] DEBUG org.springframework.test.annotation.ProfileValueUtils - Retrieved ProfileValueSource type [class org.springframework.test.annotation.SystemProfileValueSource] for class [org.recap.BaseTestCase]
12:04:37.112 [Test worker] DEBUG org.springframework.test.context.support.AbstractDirtiesContextTestExecutionListener - Before test class: context [DefaultTestContext@582114d3 testClass = BaseTestCase, testInstance = [null], testMethod = [null], testException = [null], mergedContextConfiguration = [WebMergedContextConfiguration@5386bafb testClass = BaseTestCase, locations = '{}', classes = '{class org.recap.Main}', contextInitializerClasses = '[]', activeProfiles = '{test}', propertySourceLocations = '{}', propertySourceProperties = '{org.springframework.boot.test.context.SpringBootTestContextBootstrapper=true}', contextCustomizers = set[org.springframework.boot.test.autoconfigure.properties.PropertyMappingContextCustomizer@0, org.springframework.boot.test.autoconfigure.web.servlet.WebDriverContextCustomizerFactory$Customizer@5012fa68, org.springframework.boot.test.context.filter.ExcludeFilterContextCustomizer@d493ebe, org.springframework.boot.test.json.DuplicateJsonObjectContextCustomizerFactory$DuplicateJsonObjectContextCustomizer@3c9160b6, org.springframework.boot.test.mock.mockito.MockitoContextCustomizer@0, org.springframework.boot.test.web.client.TestRestTemplateContextCustomizer@427bc6e4], resourceBasePath = 'src/main/webapp', contextLoader = 'org.springframework.boot.test.context.SpringBootContextLoader', parent = [null]], attributes = map['org.springframework.test.context.web.ServletTestExecutionListener.activateListener' -> true]], class annotated with @DirtiesContext [false] with mode [null].
12:04:37.114 [Test worker] DEBUG org.springframework.test.annotation.ProfileValueUtils - Retrieved @ProfileValueSourceConfiguration [null] for test class [org.recap.BaseTestCase]
12:04:37.115 [Test worker] DEBUG org.springframework.test.annotation.ProfileValueUtils - Retrieved ProfileValueSource type [class org.springframework.test.annotation.SystemProfileValueSource] for class [org.recap.BaseTestCase]
12:04:37.211 [Test worker] DEBUG org.springframework.test.context.support.TestPropertySourceUtils - Adding inlined properties to environment: {spring.jmx.enabled=false, org.springframework.boot.test.context.SpringBootTestContextBootstrapper=true, server.port=-1}

  .   ____          _            __ _ _
 /\\ / ___'_ __ _ _(_)_ __  __ _ \ \ \ \
( ( )\___ | '_ | '_| | '_ \/ _` | \ \ \ \
 \\/  ___)| |_)| | | | | || (_| |  ) ) ) )
  '  |____| .__|_| |_|_| |_\__, | / / / /
 =========|_|==============|___/=/_/_/_/
 :: Spring Boot ::        (v2.1.4.RELEASE)

2019-05-29 12:04:38.128  INFO 8973 --- [    Test worker] org.recap.BaseTestCase                   : Starting BaseTestCase on Aarons-MacBook-Air.local with PID 8973 (started by ajl in /Users/ajl/sartography-git-local/recap-scsb/recap-scsb-common)
2019-05-29 12:04:38.132  INFO 8973 --- [    Test worker] org.recap.BaseTestCase                   : The following profiles are active: test
2019-05-29 12:04:41.992  INFO 8973 --- [    Test worker] trationDelegate$BeanPostProcessorChecker : Bean 'org.apache.camel.spring.boot.CamelAutoConfiguration' of type [org.apache.camel.spring.boot.CamelAutoConfiguration$$EnhancerBySpringCGLIB$$9a1de978] is not eligible for getting processed by all BeanPostProcessors (for example: not eligible for auto-proxying)
2019-05-29 12:04:43.497  INFO 8973 --- [    Test worker] o.s.s.concurrent.ThreadPoolTaskExecutor  : Initializing ExecutorService 'applicationTaskExecutor'
2019-05-29 12:04:44.490  INFO 8973 --- [    Test worker] o.a.c.i.converter.DefaultTypeConverter   : Type converters loaded (core: 195, classpath: 4)
2019-05-29 12:04:45.974  INFO 8973 --- [    Test worker] o.a.camel.spring.boot.RoutesCollector    : Loading additional Camel XML routes from: classpath:camel/*.xml
2019-05-29 12:04:45.975  INFO 8973 --- [    Test worker] o.a.camel.spring.boot.RoutesCollector    : Loading additional Camel XML rests from: classpath:camel-rest/*.xml
2019-05-29 12:04:45.993  INFO 8973 --- [    Test worker] o.a.camel.spring.SpringCamelContext      : Apache Camel 2.24.0 (CamelContext: camel-1) is starting
2019-05-29 12:04:45.996  INFO 8973 --- [    Test worker] o.a.c.m.ManagedManagementStrategy        : JMX is enabled
2019-05-29 12:04:46.283  INFO 8973 --- [    Test worker] o.a.camel.spring.SpringCamelContext      : StreamCaching is not in use. If using streams then its recommended to enable stream caching. See more details at http://camel.apache.org/stream-caching.html
2019-05-29 12:04:46.287  INFO 8973 --- [    Test worker] o.a.camel.spring.SpringCamelContext      : Total 0 routes, of which 0 are started
2019-05-29 12:04:46.290  INFO 8973 --- [    Test worker] o.a.camel.spring.SpringCamelContext      : Apache Camel 2.24.0 (CamelContext: camel-1) started in 0.295 seconds
2019-05-29 12:04:46.301  INFO 8973 --- [    Test worker] org.recap.BaseTestCase                   : Started BaseTestCase in 9.051 seconds (JVM running for 12.556)
]]></system-out>
  <system-err><![CDATA[]]></system-err>
</testsuite>
