<?xml version="1.0" encoding="UTF-8"?>
<testsuite name="org.recap.common.spring.PropertyValueProviderUT" tests="2" skipped="0" failures="0" errors="0" timestamp="2019-05-29T18:18:09" hostname="Aarons-MacBook-Air.local" time="0.033">
  <properties/>
  <testcase name="testGetProperty" classname="org.recap.common.spring.PropertyValueProviderUT" time="0.015"/>
  <testcase name="contextLoads" classname="org.recap.common.spring.PropertyValueProviderUT" time="0.016"/>
  <system-out><![CDATA[2019-05-29 14:18:09.355  INFO 16320 --- [    Test worker] .b.t.c.SpringBootTestContextBootstrapper : Neither @ContextConfiguration nor @ContextHierarchy found for test class [org.recap.common.spring.PropertyValueProviderUT], using SpringBootContextLoader
2019-05-29 14:18:09.357  INFO 16320 --- [    Test worker] o.s.t.c.support.AbstractContextLoader    : Could not detect default resource locations for test class [org.recap.common.spring.PropertyValueProviderUT]: no resource found for suffixes {-context.xml, Context.groovy}.
2019-05-29 14:18:09.357  INFO 16320 --- [    Test worker] t.c.s.AnnotationConfigContextLoaderUtils : Could not detect default configuration classes for test class [org.recap.common.spring.PropertyValueProviderUT]: PropertyValueProviderUT does not declare any static, non-private, non-final, nested classes annotated with @Configuration.
2019-05-29 14:18:09.377  INFO 16320 --- [    Test worker] .b.t.c.SpringBootTestContextBootstrapper : Found @SpringBootConfiguration org.recap.Main for test class org.recap.common.spring.PropertyValueProviderUT
2019-05-29 14:18:09.382  INFO 16320 --- [    Test worker] .b.t.c.SpringBootTestContextBootstrapper : Loaded default TestExecutionListener class names from location [META-INF/spring.factories]: [org.springframework.boot.test.autoconfigure.restdocs.RestDocsTestExecutionListener, org.springframework.boot.test.autoconfigure.web.client.MockRestServiceServerResetTestExecutionListener, org.springframework.boot.test.autoconfigure.web.servlet.MockMvcPrintOnlyOnFailureTestExecutionListener, org.springframework.boot.test.autoconfigure.web.servlet.WebDriverTestExecutionListener, org.springframework.boot.test.mock.mockito.MockitoTestExecutionListener, org.springframework.boot.test.mock.mockito.ResetMocksTestExecutionListener, org.springframework.test.context.web.ServletTestExecutionListener, org.springframework.test.context.support.DirtiesContextBeforeModesTestExecutionListener, org.springframework.test.context.support.DependencyInjectionTestExecutionListener, org.springframework.test.context.support.DirtiesContextTestExecutionListener, org.springframework.test.context.transaction.TransactionalTestExecutionListener, org.springframework.test.context.jdbc.SqlScriptsTestExecutionListener]
2019-05-29 14:18:09.389  INFO 16320 --- [    Test worker] .b.t.c.SpringBootTestContextBootstrapper : Using TestExecutionListeners: [org.springframework.test.context.web.ServletTestExecutionListener@15f82907, org.springframework.test.context.support.DirtiesContextBeforeModesTestExecutionListener@332a9206, org.springframework.boot.test.mock.mockito.MockitoTestExecutionListener@1f7a196, org.springframework.boot.test.autoconfigure.SpringBootDependencyInjectionTestExecutionListener@2c5e0dcc, org.springframework.test.context.support.DirtiesContextTestExecutionListener@783ab951, org.springframework.test.context.transaction.TransactionalTestExecutionListener@1f67aef2, org.springframework.test.context.jdbc.SqlScriptsTestExecutionListener@23a05799, org.springframework.boot.test.autoconfigure.restdocs.RestDocsTestExecutionListener@7fcc1e4c, org.springframework.boot.test.autoconfigure.web.client.MockRestServiceServerResetTestExecutionListener@5291c0d5, org.springframework.boot.test.autoconfigure.web.servlet.MockMvcPrintOnlyOnFailureTestExecutionListener@7023e44b, org.springframework.boot.test.autoconfigure.web.servlet.WebDriverTestExecutionListener@519e7949, org.springframework.boot.test.mock.mockito.ResetMocksTestExecutionListener@4e3f3348]
]]></system-out>
  <system-err><![CDATA[]]></system-err>
</testsuite>
