<?xml version="1.0" encoding="UTF-8"?>
<testsuite name="org.recap.common.spring.PropertyValueProviderUT" tests="2" skipped="0" failures="0" errors="0" timestamp="2019-05-29T16:04:46" hostname="Aarons-MacBook-Air.local" time="0.011">
  <properties/>
  <testcase name="testGetProperty" classname="org.recap.common.spring.PropertyValueProviderUT" time="0.005"/>
  <testcase name="contextLoads" classname="org.recap.common.spring.PropertyValueProviderUT" time="0.004"/>
  <system-out><![CDATA[2019-05-29 12:04:46.702  INFO 8973 --- [    Test worker] .b.t.c.SpringBootTestContextBootstrapper : Neither @ContextConfiguration nor @ContextHierarchy found for test class [org.recap.common.spring.PropertyValueProviderUT], using SpringBootContextLoader
2019-05-29 12:04:46.703  INFO 8973 --- [    Test worker] o.s.t.c.support.AbstractContextLoader    : Could not detect default resource locations for test class [org.recap.common.spring.PropertyValueProviderUT]: no resource found for suffixes {-context.xml, Context.groovy}.
2019-05-29 12:04:46.704  INFO 8973 --- [    Test worker] t.c.s.AnnotationConfigContextLoaderUtils : Could not detect default configuration classes for test class [org.recap.common.spring.PropertyValueProviderUT]: PropertyValueProviderUT does not declare any static, non-private, non-final, nested classes annotated with @Configuration.
2019-05-29 12:04:46.729  INFO 8973 --- [    Test worker] .b.t.c.SpringBootTestContextBootstrapper : Found @SpringBootConfiguration org.recap.Main for test class org.recap.common.spring.PropertyValueProviderUT
2019-05-29 12:04:46.734  INFO 8973 --- [    Test worker] .b.t.c.SpringBootTestContextBootstrapper : Loaded default TestExecutionListener class names from location [META-INF/spring.factories]: [org.springframework.boot.test.autoconfigure.restdocs.RestDocsTestExecutionListener, org.springframework.boot.test.autoconfigure.web.client.MockRestServiceServerResetTestExecutionListener, org.springframework.boot.test.autoconfigure.web.servlet.MockMvcPrintOnlyOnFailureTestExecutionListener, org.springframework.boot.test.autoconfigure.web.servlet.WebDriverTestExecutionListener, org.springframework.boot.test.mock.mockito.MockitoTestExecutionListener, org.springframework.boot.test.mock.mockito.ResetMocksTestExecutionListener, org.springframework.test.context.web.ServletTestExecutionListener, org.springframework.test.context.support.DirtiesContextBeforeModesTestExecutionListener, org.springframework.test.context.support.DependencyInjectionTestExecutionListener, org.springframework.test.context.support.DirtiesContextTestExecutionListener, org.springframework.test.context.transaction.TransactionalTestExecutionListener, org.springframework.test.context.jdbc.SqlScriptsTestExecutionListener]
2019-05-29 12:04:46.735  INFO 8973 --- [    Test worker] .b.t.c.SpringBootTestContextBootstrapper : Using TestExecutionListeners: [org.springframework.test.context.web.ServletTestExecutionListener@16f685f3, org.springframework.test.context.support.DirtiesContextBeforeModesTestExecutionListener@242e4d2b, org.springframework.boot.test.mock.mockito.MockitoTestExecutionListener@6871e7bf, org.springframework.boot.test.autoconfigure.SpringBootDependencyInjectionTestExecutionListener@3d3c3c63, org.springframework.test.context.support.DirtiesContextTestExecutionListener@1fc7ef2a, org.springframework.test.context.transaction.TransactionalTestExecutionListener@49d6aeec, org.springframework.test.context.jdbc.SqlScriptsTestExecutionListener@2e7de476, org.springframework.boot.test.autoconfigure.restdocs.RestDocsTestExecutionListener@72fe1afe, org.springframework.boot.test.autoconfigure.web.client.MockRestServiceServerResetTestExecutionListener@52e01534, org.springframework.boot.test.autoconfigure.web.servlet.MockMvcPrintOnlyOnFailureTestExecutionListener@2e3d604a, org.springframework.boot.test.autoconfigure.web.servlet.WebDriverTestExecutionListener@6fa27faf, org.springframework.boot.test.mock.mockito.ResetMocksTestExecutionListener@6d09b14f]
]]></system-out>
  <system-err><![CDATA[]]></system-err>
</testsuite>
