<?xml version="1.0" encoding="UTF-8"?>
<testsuite name="org.recap.BaseTestCase" tests="1" skipped="0" failures="0" errors="0" timestamp="2019-05-29T18:18:08" hostname="Aarons-MacBook-Air.local" time="0.451">
  <properties/>
  <testcase name="contextLoads" classname="org.recap.BaseTestCase" time="0.451"/>
  <system-out><![CDATA[14:17:56.708 [Test worker] DEBUG org.springframework.test.context.junit4.SpringJUnit4ClassRunner - SpringJUnit4ClassRunner constructor called with [class org.recap.BaseTestCase]
14:17:56.745 [Test worker] DEBUG org.springframework.test.context.BootstrapUtils - Instantiating CacheAwareContextLoaderDelegate from class [org.springframework.test.context.cache.DefaultCacheAwareContextLoaderDelegate]
14:17:56.789 [Test worker] DEBUG org.springframework.test.context.BootstrapUtils - Instantiating BootstrapContext using constructor [public org.springframework.test.context.support.DefaultBootstrapContext(java.lang.Class,org.springframework.test.context.CacheAwareContextLoaderDelegate)]
14:17:56.902 [Test worker] DEBUG org.springframework.test.context.BootstrapUtils - Instantiating TestContextBootstrapper for test class [org.recap.BaseTestCase] from class [org.springframework.boot.test.context.SpringBootTestContextBootstrapper]
14:17:56.952 [Test worker] INFO org.springframework.boot.test.context.SpringBootTestContextBootstrapper - Neither @ContextConfiguration nor @ContextHierarchy found for test class [org.recap.BaseTestCase], using SpringBootContextLoader
14:17:56.965 [Test worker] DEBUG org.springframework.test.context.support.AbstractContextLoader - Did not detect default resource location for test class [org.recap.BaseTestCase]: class path resource [org/recap/BaseTestCase-context.xml] does not exist
14:17:56.966 [Test worker] DEBUG org.springframework.test.context.support.AbstractContextLoader - Did not detect default resource location for test class [org.recap.BaseTestCase]: class path resource [org/recap/BaseTestCaseContext.groovy] does not exist
14:17:56.968 [Test worker] INFO org.springframework.test.context.support.AbstractContextLoader - Could not detect default resource locations for test class [org.recap.BaseTestCase]: no resource found for suffixes {-context.xml, Context.groovy}.
14:17:56.973 [Test worker] INFO org.springframework.test.context.support.AnnotationConfigContextLoaderUtils - Could not detect default configuration classes for test class [org.recap.BaseTestCase]: BaseTestCase does not declare any static, non-private, non-final, nested classes annotated with @Configuration.
14:17:57.446 [Test worker] DEBUG org.springframework.context.annotation.ClassPathScanningCandidateComponentProvider - Identified candidate component class: file [/Users/ajl/sartography-git-local/recap-scsb/recap-scsb-common/build/classes/java/main/org/recap/Main.class]
14:17:57.456 [Test worker] INFO org.springframework.boot.test.context.SpringBootTestContextBootstrapper - Found @SpringBootConfiguration org.recap.Main for test class org.recap.BaseTestCase
14:17:58.041 [Test worker] DEBUG org.springframework.boot.test.context.SpringBootTestContextBootstrapper - @TestExecutionListeners is not present for class [org.recap.BaseTestCase]: using defaults.
14:17:58.043 [Test worker] INFO org.springframework.boot.test.context.SpringBootTestContextBootstrapper - Loaded default TestExecutionListener class names from location [META-INF/spring.factories]: [org.springframework.boot.test.autoconfigure.restdocs.RestDocsTestExecutionListener, org.springframework.boot.test.autoconfigure.web.client.MockRestServiceServerResetTestExecutionListener, org.springframework.boot.test.autoconfigure.web.servlet.MockMvcPrintOnlyOnFailureTestExecutionListener, org.springframework.boot.test.autoconfigure.web.servlet.WebDriverTestExecutionListener, org.springframework.boot.test.mock.mockito.MockitoTestExecutionListener, org.springframework.boot.test.mock.mockito.ResetMocksTestExecutionListener, org.springframework.test.context.web.ServletTestExecutionListener, org.springframework.test.context.support.DirtiesContextBeforeModesTestExecutionListener, org.springframework.test.context.support.DependencyInjectionTestExecutionListener, org.springframework.test.context.support.DirtiesContextTestExecutionListener, org.springframework.test.context.transaction.TransactionalTestExecutionListener, org.springframework.test.context.jdbc.SqlScriptsTestExecutionListener]
14:17:58.106 [Test worker] INFO org.springframework.boot.test.context.SpringBootTestContextBootstrapper - Using TestExecutionListeners: [org.springframework.test.context.web.ServletTestExecutionListener@7182f0f4, org.springframework.test.context.support.DirtiesContextBeforeModesTestExecutionListener@6f71e95f, org.springframework.boot.test.mock.mockito.MockitoTestExecutionListener@5c2365ff, org.springframework.boot.test.autoconfigure.SpringBootDependencyInjectionTestExecutionListener@5990845e, org.springframework.test.context.support.DirtiesContextTestExecutionListener@3ff3cac8, org.springframework.test.context.transaction.TransactionalTestExecutionListener@5f28f778, org.springframework.test.context.jdbc.SqlScriptsTestExecutionListener@18636dff, org.springframework.boot.test.autoconfigure.restdocs.RestDocsTestExecutionListener@458ca8d9, org.springframework.boot.test.autoconfigure.web.client.MockRestServiceServerResetTestExecutionListener@64088f2a, org.springframework.boot.test.autoconfigure.web.servlet.MockMvcPrintOnlyOnFailureTestExecutionListener@7c8327e4, org.springframework.boot.test.autoconfigure.web.servlet.WebDriverTestExecutionListener@7f8cb11e, org.springframework.boot.test.mock.mockito.ResetMocksTestExecutionListener@5f661456]
14:17:58.113 [Test worker] DEBUG org.springframework.test.annotation.ProfileValueUtils - Retrieved @ProfileValueSourceConfiguration [null] for test class [org.recap.BaseTestCase]
14:17:58.114 [Test worker] DEBUG org.springframework.test.annotation.ProfileValueUtils - Retrieved ProfileValueSource type [class org.springframework.test.annotation.SystemProfileValueSource] for class [org.recap.BaseTestCase]
14:17:58.116 [Test worker] DEBUG org.springframework.test.annotation.ProfileValueUtils - Retrieved @ProfileValueSourceConfiguration [null] for test class [org.recap.BaseTestCase]
14:17:58.117 [Test worker] DEBUG org.springframework.test.annotation.ProfileValueUtils - Retrieved ProfileValueSource type [class org.springframework.test.annotation.SystemProfileValueSource] for class [org.recap.BaseTestCase]
14:17:58.131 [Test worker] DEBUG org.springframework.test.context.support.AbstractDirtiesContextTestExecutionListener - Before test class: context [DefaultTestContext@3fc9acba testClass = BaseTestCase, testInstance = [null], testMethod = [null], testException = [null], mergedContextConfiguration = [WebMergedContextConfiguration@3b00fc69 testClass = BaseTestCase, locations = '{}', classes = '{class org.recap.Main}', contextInitializerClasses = '[]', activeProfiles = '{test}', propertySourceLocations = '{}', propertySourceProperties = '{org.springframework.boot.test.context.SpringBootTestContextBootstrapper=true}', contextCustomizers = set[org.springframework.boot.test.autoconfigure.properties.PropertyMappingContextCustomizer@0, org.springframework.boot.test.autoconfigure.web.servlet.WebDriverContextCustomizerFactory$Customizer@781f28ec, org.springframework.boot.test.context.filter.ExcludeFilterContextCustomizer@717d02f1, org.springframework.boot.test.json.DuplicateJsonObjectContextCustomizerFactory$DuplicateJsonObjectContextCustomizer@27000e2d, org.springframework.boot.test.mock.mockito.MockitoContextCustomizer@0, org.springframework.boot.test.web.client.TestRestTemplateContextCustomizer@47f65d8e], resourceBasePath = 'src/main/webapp', contextLoader = 'org.springframework.boot.test.context.SpringBootContextLoader', parent = [null]], attributes = map['org.springframework.test.context.web.ServletTestExecutionListener.activateListener' -> true]], class annotated with @DirtiesContext [false] with mode [null].
14:17:58.132 [Test worker] DEBUG org.springframework.test.annotation.ProfileValueUtils - Retrieved @ProfileValueSourceConfiguration [null] for test class [org.recap.BaseTestCase]
14:17:58.133 [Test worker] DEBUG org.springframework.test.annotation.ProfileValueUtils - Retrieved ProfileValueSource type [class org.springframework.test.annotation.SystemProfileValueSource] for class [org.recap.BaseTestCase]
14:17:58.224 [Test worker] DEBUG org.springframework.test.context.support.TestPropertySourceUtils - Adding inlined properties to environment: {spring.jmx.enabled=false, org.springframework.boot.test.context.SpringBootTestContextBootstrapper=true, server.port=-1}

  .   ____          _            __ _ _
 /\\ / ___'_ __ _ _(_)_ __  __ _ \ \ \ \
( ( )\___ | '_ | '_| | '_ \/ _` | \ \ \ \
 \\/  ___)| |_)| | | | | || (_| |  ) ) ) )
  '  |____| .__|_| |_|_| |_\__, | / / / /
 =========|_|==============|___/=/_/_/_/
 :: Spring Boot ::        (v2.1.4.RELEASE)

2019-05-29 14:17:59.161  INFO 16320 --- [    Test worker] org.recap.BaseTestCase                   : Starting BaseTestCase on Aarons-MacBook-Air.local with PID 16320 (started by ajl in /Users/ajl/sartography-git-local/recap-scsb/recap-scsb-common)
2019-05-29 14:17:59.164  INFO 16320 --- [    Test worker] org.recap.BaseTestCase                   : The following profiles are active: test
2019-05-29 14:18:03.544  INFO 16320 --- [    Test worker] trationDelegate$BeanPostProcessorChecker : Bean 'org.apache.camel.spring.boot.CamelAutoConfiguration' of type [org.apache.camel.spring.boot.CamelAutoConfiguration$$EnhancerBySpringCGLIB$$dd8df95b] is not eligible for getting processed by all BeanPostProcessors (for example: not eligible for auto-proxying)
2019-05-29 14:18:05.212  INFO 16320 --- [    Test worker] o.s.s.concurrent.ThreadPoolTaskExecutor  : Initializing ExecutorService 'applicationTaskExecutor'
2019-05-29 14:18:06.562  INFO 16320 --- [    Test worker] o.a.c.i.converter.DefaultTypeConverter   : Type converters loaded (core: 195, classpath: 4)
2019-05-29 14:18:08.427  INFO 16320 --- [    Test worker] o.a.camel.spring.boot.RoutesCollector    : Loading additional Camel XML routes from: classpath:camel/*.xml
2019-05-29 14:18:08.429  INFO 16320 --- [    Test worker] o.a.camel.spring.boot.RoutesCollector    : Loading additional Camel XML rests from: classpath:camel-rest/*.xml
2019-05-29 14:18:08.450  INFO 16320 --- [    Test worker] o.a.camel.spring.SpringCamelContext      : Apache Camel 2.24.0 (CamelContext: camel-1) is starting
2019-05-29 14:18:08.453  INFO 16320 --- [    Test worker] o.a.c.m.ManagedManagementStrategy        : JMX is enabled
2019-05-29 14:18:08.813  INFO 16320 --- [    Test worker] o.a.camel.spring.SpringCamelContext      : StreamCaching is not in use. If using streams then its recommended to enable stream caching. See more details at http://camel.apache.org/stream-caching.html
2019-05-29 14:18:08.819  INFO 16320 --- [    Test worker] o.a.camel.spring.SpringCamelContext      : Total 0 routes, of which 0 are started
2019-05-29 14:18:08.824  INFO 16320 --- [    Test worker] o.a.camel.spring.SpringCamelContext      : Apache Camel 2.24.0 (CamelContext: camel-1) started in 0.371 seconds
2019-05-29 14:18:08.839  INFO 16320 --- [    Test worker] org.recap.BaseTestCase                   : Started BaseTestCase in 10.58 seconds (JVM running for 15.395)
]]></system-out>
  <system-err><![CDATA[]]></system-err>
</testsuite>
